0 info it worked if it ends with ok
1 verbose cli [ 'C:\\Program Files\\nodejs\\\\node.exe',
1 verbose cli   'C:\\Program Files\\nodejs\\node_modules\\npm\\bin\\npm-cli.js',
1 verbose cli   'install',
1 verbose cli   'canvas' ]
2 info using npm@2.5.1
3 info using node@v0.12.0
4 verbose node symlink C:\Program Files\nodejs\\node.exe
5 silly cache add args [ 'canvas', null ]
6 verbose cache add spec canvas
7 silly cache add parsed spec { raw: 'canvas',
7 silly cache add   scope: null,
7 silly cache add   name: 'canvas',
7 silly cache add   rawSpec: '',
7 silly cache add   spec: '*',
7 silly cache add   type: 'range' }
8 verbose addNamed canvas@*
9 silly addNamed semver.valid null
10 silly addNamed semver.validRange *
11 silly addNameRange { name: 'canvas', range: '*', hasData: false }
12 silly mapToRegistry name canvas
13 silly mapToRegistry using default registry
14 silly mapToRegistry registry https://registry.npmjs.org/
15 silly mapToRegistry uri https://registry.npmjs.org/canvas
16 verbose addNameRange registry:https://registry.npmjs.org/canvas not in flight; fetching
17 verbose request uri https://registry.npmjs.org/canvas
18 verbose request no auth needed
19 info attempt registry request try #1 at 10:38:37
20 verbose request id b1a88836e7883547
21 http request GET https://registry.npmjs.org/canvas
22 http 200 https://registry.npmjs.org/canvas
23 silly get cb [ 200,
23 silly get   { date: 'Fri, 27 Feb 2015 15:08:38 GMT',
23 silly get     server: 'CouchDB/1.5.0 (Erlang OTP/R16B03)',
23 silly get     etag: '"6H2FS9DZJLKNMAIKZGXSXB474"',
23 silly get     'content-type': 'application/json',
23 silly get     'cache-control': 'max-age=60',
23 silly get     'content-length': '65928',
23 silly get     'accept-ranges': 'bytes',
23 silly get     via: '1.1 varnish',
23 silly get     age: '0',
23 silly get     'x-served-by': 'cache-jfk1021-JFK',
23 silly get     'x-cache': 'HIT',
23 silly get     'x-cache-hits': '1',
23 silly get     'x-timer': 'S1425049718.638424,VS0,VE347',
23 silly get     vary: 'Accept',
23 silly get     'keep-alive': 'timeout=10, max=50',
23 silly get     connection: 'Keep-Alive' } ]
24 verbose get saving canvas to C:\Users\usrsis0127\AppData\Roaming\npm-cache\registry.npmjs.org\canvas\.cache.json
25 silly addNameRange number 2 { name: 'canvas', range: '*', hasData: true }
26 silly addNameRange versions [ 'canvas',
26 silly addNameRange   [ '0.0.1',
26 silly addNameRange     '0.0.2',
26 silly addNameRange     '0.0.3',
26 silly addNameRange     '0.0.4',
26 silly addNameRange     '0.0.5',
26 silly addNameRange     '0.0.6',
26 silly addNameRange     '0.0.7',
26 silly addNameRange     '0.0.8',
26 silly addNameRange     '0.1.0',
26 silly addNameRange     '0.2.0',
26 silly addNameRange     '0.2.1',
26 silly addNameRange     '0.3.0',
26 silly addNameRange     '0.3.1',
26 silly addNameRange     '0.3.2',
26 silly addNameRange     '0.3.3',
26 silly addNameRange     '0.4.0',
26 silly addNameRange     '0.4.1',
26 silly addNameRange     '0.4.2',
26 silly addNameRange     '0.4.3',
26 silly addNameRange     '0.5.0',
26 silly addNameRange     '0.5.1',
26 silly addNameRange     '0.5.2',
26 silly addNameRange     '0.5.3',
26 silly addNameRange     '0.5.4',
26 silly addNameRange     '0.6.0',
26 silly addNameRange     '0.7.0',
26 silly addNameRange     '0.7.1',
26 silly addNameRange     '0.7.2',
26 silly addNameRange     '0.7.3',
26 silly addNameRange     '0.8.0',
26 silly addNameRange     '0.8.1',
26 silly addNameRange     '0.8.2',
26 silly addNameRange     '0.8.3',
26 silly addNameRange     '0.9.0',
26 silly addNameRange     '0.10.0',
26 silly addNameRange     '0.10.1',
26 silly addNameRange     '0.10.2',
26 silly addNameRange     '0.10.3',
26 silly addNameRange     '0.11.0',
26 silly addNameRange     '0.11.1',
26 silly addNameRange     '0.11.2',
26 silly addNameRange     '0.11.3',
26 silly addNameRange     '0.12.0',
26 silly addNameRange     '0.12.1',
26 silly addNameRange     '0.13.0',
26 silly addNameRange     '0.13.1',
26 silly addNameRange     '1.0.0',
26 silly addNameRange     '1.0.1',
26 silly addNameRange     '1.0.2',
26 silly addNameRange     '1.0.3',
26 silly addNameRange     '1.0.4',
26 silly addNameRange     '1.1.0',
26 silly addNameRange     '1.1.1',
26 silly addNameRange     '1.1.2',
26 silly addNameRange     '1.1.3',
26 silly addNameRange     '1.1.4',
26 silly addNameRange     '1.1.5',
26 silly addNameRange     '1.1.6',
26 silly addNameRange     '1.2.0',
26 silly addNameRange     '1.2.1' ] ]
27 verbose addNamed canvas@1.2.1
28 silly addNamed semver.valid 1.2.1
29 silly addNamed semver.validRange 1.2.1
30 silly mapToRegistry name canvas
31 silly mapToRegistry using default registry
32 silly mapToRegistry registry https://registry.npmjs.org/
33 silly mapToRegistry uri https://registry.npmjs.org/canvas
34 verbose addRemoteTarball https://registry.npmjs.org/canvas/-/canvas-1.2.1.tgz not in flight; adding
35 verbose addRemoteTarball [ 'https://registry.npmjs.org/canvas/-/canvas-1.2.1.tgz',
35 verbose addRemoteTarball   '2287d31fdd17a1e8812e3088bb151b6aab39466f' ]
36 info retry fetch attempt 1 at 10:38:39
37 info attempt registry request try #1 at 10:38:39
38 http fetch GET https://registry.npmjs.org/canvas/-/canvas-1.2.1.tgz
39 http fetch 200 https://registry.npmjs.org/canvas/-/canvas-1.2.1.tgz
40 silly fetchAndShaCheck shasum 2287d31fdd17a1e8812e3088bb151b6aab39466f
41 verbose addTmpTarball C:\Users\USRSIS~1\AppData\Local\Temp\npm-6024-38eaf8a8\registry.npmjs.org\canvas\-\canvas-1.2.1.tgz not in flight; adding
42 verbose addTmpTarball already have metadata; skipping unpack for canvas@1.2.1
43 silly cache afterAdd canvas@1.2.1
44 verbose afterAdd C:\Users\usrsis0127\AppData\Roaming\npm-cache\canvas\1.2.1\package\package.json not in flight; writing
45 verbose afterAdd C:\Users\usrsis0127\AppData\Roaming\npm-cache\canvas\1.2.1\package\package.json written
46 silly install resolved [ { name: 'canvas',
46 silly install resolved     description: 'Canvas graphics API backed by Cairo',
46 silly install resolved     version: '1.2.1',
46 silly install resolved     author: { name: 'TJ Holowaychuk', email: 'tj@learnboost.com' },
46 silly install resolved     contributors: [ [Object], [Object], [Object] ],
46 silly install resolved     keywords:
46 silly install resolved      [ 'canvas',
46 silly install resolved        'graphic',
46 silly install resolved        'graphics',
46 silly install resolved        'pixman',
46 silly install resolved        'cairo',
46 silly install resolved        'image',
46 silly install resolved        'images',
46 silly install resolved        'pdf' ],
46 silly install resolved     homepage: 'https://github.com/learnboost/node-canvas',
46 silly install resolved     repository: { type: 'git', url: 'git://github.com/learnboost/node-canvas' },
46 silly install resolved     scripts: { test: 'make test', install: 'node-gyp rebuild' },
46 silly install resolved     dependencies: { nan: '~1.5.1' },
46 silly install resolved     devDependencies: { express: '3.0', jade: '0.28.1', mocha: '*', should: '*' },
46 silly install resolved     engines: { node: '>= 0.6.0' },
46 silly install resolved     main: './lib/canvas.js',
46 silly install resolved     gypfile: true,
46 silly install resolved     gitHead: 'd40f649a5458f78dde04fe95a729fd55e52ce9f4',
46 silly install resolved     bugs: { url: 'https://github.com/learnboost/node-canvas/issues' },
46 silly install resolved     _id: 'canvas@1.2.1',
46 silly install resolved     _shasum: '2287d31fdd17a1e8812e3088bb151b6aab39466f',
46 silly install resolved     _from: 'canvas@*',
46 silly install resolved     _npmVersion: '2.1.11',
46 silly install resolved     _nodeVersion: '0.10.33',
46 silly install resolved     _npmUser: { name: 'kangax', email: 'kangax@gmail.com' },
46 silly install resolved     maintainers: [ [Object], [Object], [Object], [Object] ],
46 silly install resolved     dist:
46 silly install resolved      { shasum: '2287d31fdd17a1e8812e3088bb151b6aab39466f',
46 silly install resolved        tarball: 'http://registry.npmjs.org/canvas/-/canvas-1.2.1.tgz' },
46 silly install resolved     directories: {},
46 silly install resolved     _resolved: 'https://registry.npmjs.org/canvas/-/canvas-1.2.1.tgz' } ]
47 info install canvas@1.2.1 into C:\xampp\htdocs\hunterdown
48 info installOne canvas@1.2.1
49 verbose installOne of canvas to C:\xampp\htdocs\hunterdown not in flight; installing
50 verbose lock using C:\Users\usrsis0127\AppData\Roaming\npm-cache\_locks\canvas-d1d25eb3369b1d71.lock for C:\xampp\htdocs\hunterdown\node_modules\canvas
51 silly install write writing canvas 1.2.1 to C:\xampp\htdocs\hunterdown\node_modules\canvas
52 silly cache addNamed cb canvas@1.2.1
53 verbose unbuild node_modules\canvas
54 verbose gentlyRm vacuuming C:\xampp\htdocs\hunterdown\node_modules\canvas
55 verbose tar unpack C:\Users\usrsis0127\AppData\Roaming\npm-cache\canvas\1.2.1\package.tgz
56 verbose tar unpacking to C:\xampp\htdocs\hunterdown\node_modules\canvas
57 verbose gentlyRm vacuuming C:\xampp\htdocs\hunterdown\node_modules\canvas
58 silly gunzTarPerm modes [ '777', '666' ]
59 silly gunzTarPerm extractEntry package.json
60 silly gunzTarPerm modified mode [ 'package.json', 420, 438 ]
61 silly gunzTarPerm extractEntry .npmignore
62 silly gunzTarPerm modified mode [ '.npmignore', 420, 438 ]
63 silly gunzTarPerm extractEntry index.js
64 silly gunzTarPerm modified mode [ 'index.js', 420, 438 ]
65 silly gunzTarPerm extractEntry binding.gyp
66 silly gunzTarPerm modified mode [ 'binding.gyp', 493, 511 ]
67 silly gunzTarPerm extractEntry History.md
68 silly gunzTarPerm modified mode [ 'History.md', 420, 438 ]
69 silly gunzTarPerm extractEntry Makefile
70 silly gunzTarPerm modified mode [ 'Makefile', 420, 438 ]
71 silly gunzTarPerm extractEntry Readme.md
72 silly gunzTarPerm modified mode [ 'Readme.md', 420, 438 ]
73 silly gunzTarPerm extractEntry .gitmodules
74 silly gunzTarPerm modified mode [ '.gitmodules', 420, 438 ]
75 silly gunzTarPerm extractEntry .dntrc
76 silly gunzTarPerm modified mode [ '.dntrc', 420, 438 ]
77 silly gunzTarPerm extractEntry install
78 silly gunzTarPerm modified mode [ 'install', 493, 511 ]
79 silly gunzTarPerm extractEntry lib/bindings.js
80 silly gunzTarPerm modified mode [ 'lib/bindings.js', 420, 438 ]
81 silly gunzTarPerm extractEntry lib/canvas.js
82 silly gunzTarPerm modified mode [ 'lib/canvas.js', 420, 438 ]
83 silly gunzTarPerm extractEntry lib/context2d.js
84 silly gunzTarPerm modified mode [ 'lib/context2d.js', 420, 438 ]
85 silly gunzTarPerm extractEntry lib/image.js
86 silly gunzTarPerm modified mode [ 'lib/image.js', 420, 438 ]
87 silly gunzTarPerm extractEntry lib/jpegstream.js
88 silly gunzTarPerm modified mode [ 'lib/jpegstream.js', 420, 438 ]
89 silly gunzTarPerm extractEntry lib/pixelarray.js
90 silly gunzTarPerm modified mode [ 'lib/pixelarray.js', 420, 438 ]
91 silly gunzTarPerm extractEntry lib/pngstream.js
92 silly gunzTarPerm modified mode [ 'lib/pngstream.js', 420, 438 ]
93 silly gunzTarPerm extractEntry .travis.yml
94 silly gunzTarPerm modified mode [ '.travis.yml', 420, 438 ]
95 silly gunzTarPerm extractEntry src/Image.h
96 silly gunzTarPerm modified mode [ 'src/Image.h', 420, 438 ]
97 silly gunzTarPerm extractEntry src/Canvas.cc
98 silly gunzTarPerm modified mode [ 'src/Canvas.cc', 420, 438 ]
99 silly gunzTarPerm extractEntry src/CanvasGradient.cc
100 silly gunzTarPerm modified mode [ 'src/CanvasGradient.cc', 420, 438 ]
101 silly gunzTarPerm extractEntry src/CanvasGradient.h
102 silly gunzTarPerm modified mode [ 'src/CanvasGradient.h', 420, 438 ]
103 silly gunzTarPerm extractEntry src/CanvasPattern.cc
104 silly gunzTarPerm modified mode [ 'src/CanvasPattern.cc', 420, 438 ]
105 silly gunzTarPerm extractEntry src/CanvasPattern.h
106 silly gunzTarPerm modified mode [ 'src/CanvasPattern.h', 420, 438 ]
107 silly gunzTarPerm extractEntry src/CanvasRenderingContext2d.cc
108 silly gunzTarPerm modified mode [ 'src/CanvasRenderingContext2d.cc', 493, 511 ]
109 silly gunzTarPerm extractEntry src/CanvasRenderingContext2d.h
110 silly gunzTarPerm modified mode [ 'src/CanvasRenderingContext2d.h', 420, 438 ]
111 silly gunzTarPerm extractEntry src/FontFace.cc
112 silly gunzTarPerm modified mode [ 'src/FontFace.cc', 493, 511 ]
113 silly gunzTarPerm extractEntry src/FontFace.h
114 silly gunzTarPerm modified mode [ 'src/FontFace.h', 420, 438 ]
115 silly gunzTarPerm extractEntry src/Image.cc
116 silly gunzTarPerm modified mode [ 'src/Image.cc', 420, 438 ]
117 silly gunzTarPerm extractEntry src/Canvas.h
118 silly gunzTarPerm modified mode [ 'src/Canvas.h', 420, 438 ]
119 silly gunzTarPerm extractEntry src/ImageData.cc
120 silly gunzTarPerm modified mode [ 'src/ImageData.cc', 420, 438 ]
121 silly gunzTarPerm extractEntry src/ImageData.h
122 silly gunzTarPerm modified mode [ 'src/ImageData.h', 420, 438 ]
123 silly gunzTarPerm extractEntry src/JPEGStream.h
124 silly gunzTarPerm modified mode [ 'src/JPEGStream.h', 420, 438 ]
125 silly gunzTarPerm extractEntry src/PNG.h
126 silly gunzTarPerm modified mode [ 'src/PNG.h', 420, 438 ]
127 silly gunzTarPerm extractEntry src/PixelArray.cc
128 silly gunzTarPerm modified mode [ 'src/PixelArray.cc', 420, 438 ]
129 silly gunzTarPerm extractEntry src/PixelArray.h
130 silly gunzTarPerm modified mode [ 'src/PixelArray.h', 420, 438 ]
131 silly gunzTarPerm extractEntry src/Point.h
132 silly gunzTarPerm modified mode [ 'src/Point.h', 420, 438 ]
133 silly gunzTarPerm extractEntry src/closure.h
134 silly gunzTarPerm modified mode [ 'src/closure.h', 420, 438 ]
135 silly gunzTarPerm extractEntry src/color.cc
136 silly gunzTarPerm modified mode [ 'src/color.cc', 420, 438 ]
137 silly gunzTarPerm extractEntry src/color.h
138 silly gunzTarPerm modified mode [ 'src/color.h', 420, 438 ]
139 silly gunzTarPerm extractEntry src/init.cc
140 silly gunzTarPerm modified mode [ 'src/init.cc', 493, 511 ]
141 silly gunzTarPerm extractEntry util/cairo_include.sh
142 silly gunzTarPerm modified mode [ 'util/cairo_include.sh', 493, 511 ]
143 silly gunzTarPerm extractEntry util/has_cairo_freetype.sh
144 silly gunzTarPerm modified mode [ 'util/has_cairo_freetype.sh', 493, 511 ]
145 silly gunzTarPerm extractEntry util/has_lib.sh
146 silly gunzTarPerm modified mode [ 'util/has_lib.sh', 493, 511 ]
147 silly gunzTarPerm extractEntry util/lib_lookup.sh
148 silly gunzTarPerm modified mode [ 'util/lib_lookup.sh', 493, 511 ]
149 info preinstall canvas@1.2.1
150 silly prepareForInstallMany adding nan@~1.5.1 from canvas dependencies
151 silly cache add args [ 'nan@~1.5.1', null ]
152 verbose cache add spec nan@~1.5.1
153 silly cache add parsed spec { raw: 'nan@~1.5.1',
153 silly cache add   scope: null,
153 silly cache add   name: 'nan',
153 silly cache add   rawSpec: '~1.5.1',
153 silly cache add   spec: '>=1.5.1 <1.6.0',
153 silly cache add   type: 'range' }
154 verbose addNamed nan@>=1.5.1 <1.6.0
155 silly addNamed semver.valid null
156 silly addNamed semver.validRange >=1.5.1 <1.6.0
157 silly addNameRange { name: 'nan', range: '>=1.5.1 <1.6.0', hasData: false }
158 silly mapToRegistry name nan
159 silly mapToRegistry using default registry
160 silly mapToRegistry registry https://registry.npmjs.org/
161 silly mapToRegistry uri https://registry.npmjs.org/nan
162 verbose addNameRange registry:https://registry.npmjs.org/nan not in flight; fetching
163 verbose request uri https://registry.npmjs.org/nan
164 verbose request no auth needed
165 info attempt registry request try #1 at 10:38:40
166 http request GET https://registry.npmjs.org/nan
167 http 200 https://registry.npmjs.org/nan
168 silly get cb [ 200,
168 silly get   { date: 'Fri, 27 Feb 2015 15:08:41 GMT',
168 silly get     server: 'CouchDB/1.5.0 (Erlang OTP/R16B03)',
168 silly get     etag: '"EI65ZGD4YQM5HZLU2BK7SJIT9"',
168 silly get     'content-type': 'application/json',
168 silly get     'cache-control': 'max-age=60',
168 silly get     'content-length': '99368',
168 silly get     'accept-ranges': 'bytes',
168 silly get     via: '1.1 varnish',
168 silly get     age: '10',
168 silly get     'x-served-by': 'cache-iad2130-IAD',
168 silly get     'x-cache': 'HIT',
168 silly get     'x-cache-hits': '1',
168 silly get     'x-timer': 'S1425049721.646764,VS0,VE0',
168 silly get     vary: 'Accept',
168 silly get     'keep-alive': 'timeout=10, max=50',
168 silly get     connection: 'Keep-Alive' } ]
169 verbose get saving nan to C:\Users\usrsis0127\AppData\Roaming\npm-cache\registry.npmjs.org\nan\.cache.json
170 silly addNameRange number 2 { name: 'nan', range: '>=1.5.1 <1.6.0', hasData: true }
171 silly addNameRange versions [ 'nan',
171 silly addNameRange   [ '0.3.0-wip',
171 silly addNameRange     '0.3.0-wip2',
171 silly addNameRange     '0.3.0',
171 silly addNameRange     '0.3.1',
171 silly addNameRange     '0.3.2',
171 silly addNameRange     '0.4.0',
171 silly addNameRange     '0.4.1',
171 silly addNameRange     '0.4.2',
171 silly addNameRange     '0.4.3',
171 silly addNameRange     '0.4.4',
171 silly addNameRange     '0.5.0',
171 silly addNameRange     '0.5.1',
171 silly addNameRange     '0.5.2',
171 silly addNameRange     '0.6.0',
171 silly addNameRange     '0.7.0',
171 silly addNameRange     '0.7.1',
171 silly addNameRange     '0.8.0',
171 silly addNameRange     '1.0.0',
171 silly addNameRange     '1.1.0',
171 silly addNameRange     '1.1.1',
171 silly addNameRange     '1.1.2',
171 silly addNameRange     '1.2.0',
171 silly addNameRange     '1.3.0',
171 silly addNameRange     '1.4.0',
171 silly addNameRange     '1.4.1',
171 silly addNameRange     '1.5.0',
171 silly addNameRange     '1.4.2',
171 silly addNameRange     '1.4.3',
171 silly addNameRange     '1.5.1',
171 silly addNameRange     '1.5.2',
171 silly addNameRange     '1.6.0',
171 silly addNameRange     '1.5.3',
171 silly addNameRange     '1.6.1',
171 silly addNameRange     '1.6.2' ] ]
172 verbose addNamed nan@1.5.3
173 silly addNamed semver.valid 1.5.3
174 silly addNamed semver.validRange 1.5.3
175 silly mapToRegistry name nan
176 silly mapToRegistry using default registry
177 silly mapToRegistry registry https://registry.npmjs.org/
178 silly mapToRegistry uri https://registry.npmjs.org/nan
179 verbose addRemoteTarball https://registry.npmjs.org/nan/-/nan-1.5.3.tgz not in flight; adding
180 verbose addRemoteTarball [ 'https://registry.npmjs.org/nan/-/nan-1.5.3.tgz',
180 verbose addRemoteTarball   '4cd0ecc133b7b0700a492a646add427ae8a318eb' ]
181 info retry fetch attempt 1 at 10:38:42
182 info attempt registry request try #1 at 10:38:42
183 http fetch GET https://registry.npmjs.org/nan/-/nan-1.5.3.tgz
184 http fetch 200 https://registry.npmjs.org/nan/-/nan-1.5.3.tgz
185 silly fetchAndShaCheck shasum 4cd0ecc133b7b0700a492a646add427ae8a318eb
186 verbose addTmpTarball C:\Users\USRSIS~1\AppData\Local\Temp\npm-6024-38eaf8a8\registry.npmjs.org\nan\-\nan-1.5.3.tgz not in flight; adding
187 verbose addTmpTarball already have metadata; skipping unpack for nan@1.5.3
188 silly cache afterAdd nan@1.5.3
189 verbose afterAdd C:\Users\usrsis0127\AppData\Roaming\npm-cache\nan\1.5.3\package\package.json not in flight; writing
190 verbose afterAdd C:\Users\usrsis0127\AppData\Roaming\npm-cache\nan\1.5.3\package\package.json written
191 silly install resolved [ { name: 'nan',
191 silly install resolved     version: '1.5.3',
191 silly install resolved     description: 'Native Abstractions for Node.js: C++ header for Node 0.8->0.12 compatibility',
191 silly install resolved     main: 'include_dirs.js',
191 silly install resolved     repository: { type: 'git', url: 'git://github.com/rvagg/nan.git' },
191 silly install resolved     scripts:
191 silly install resolved      { test: 'tap --gc test/js/*-test.js',
191 silly install resolved        'rebuild-tests': 'node-gyp rebuild --directory test' },
191 silly install resolved     contributors:
191 silly install resolved      [ [Object],
191 silly install resolved        [Object],
191 silly install resolved        [Object],
191 silly install resolved        [Object],
191 silly install resolved        [Object],
191 silly install resolved        [Object],
191 silly install resolved        [Object] ],
191 silly install resolved     devDependencies:
191 silly install resolved      { bindings: '~1.2.1',
191 silly install resolved        'node-gyp': '~1.0.2',
191 silly install resolved        tap: '~0.5.0',
191 silly install resolved        xtend: '~4.0.0' },
191 silly install resolved     license: 'MIT',
191 silly install resolved     gitHead: '28ea7e1b769f790c69deaf141b47e4d41e176e8b',
191 silly install resolved     bugs: { url: 'https://github.com/rvagg/nan/issues' },
191 silly install resolved     homepage: 'https://github.com/rvagg/nan',
191 silly install resolved     _id: 'nan@1.5.3',
191 silly install resolved     _shasum: '4cd0ecc133b7b0700a492a646add427ae8a318eb',
191 silly install resolved     _from: 'nan@>=1.5.1 <1.6.0',
191 silly install resolved     _npmVersion: '2.1.18',
191 silly install resolved     _nodeVersion: '1.0.3',
191 silly install resolved     _npmUser: { name: 'rvagg', email: 'rod@vagg.org' },
191 silly install resolved     maintainers: [ [Object], [Object] ],
191 silly install resolved     dist:
191 silly install resolved      { shasum: '4cd0ecc133b7b0700a492a646add427ae8a318eb',
191 silly install resolved        tarball: 'http://registry.npmjs.org/nan/-/nan-1.5.3.tgz' },
191 silly install resolved     directories: {},
191 silly install resolved     _resolved: 'https://registry.npmjs.org/nan/-/nan-1.5.3.tgz' } ]
192 info install nan@1.5.3 into C:\xampp\htdocs\hunterdown\node_modules\canvas
193 info installOne nan@1.5.3
194 verbose installOne of nan to C:\xampp\htdocs\hunterdown\node_modules\canvas not in flight; installing
195 verbose lock using C:\Users\usrsis0127\AppData\Roaming\npm-cache\_locks\nan-51b957da604c36d1.lock for C:\xampp\htdocs\hunterdown\node_modules\canvas\node_modules\nan
196 silly install write writing nan 1.5.3 to C:\xampp\htdocs\hunterdown\node_modules\canvas\node_modules\nan
197 silly cache addNamed cb nan@1.5.3
198 verbose unbuild node_modules\canvas\node_modules\nan
199 verbose gentlyRm vacuuming C:\xampp\htdocs\hunterdown\node_modules\canvas\node_modules\nan
200 verbose tar unpack C:\Users\usrsis0127\AppData\Roaming\npm-cache\nan\1.5.3\package.tgz
201 verbose tar unpacking to C:\xampp\htdocs\hunterdown\node_modules\canvas\node_modules\nan
202 verbose gentlyRm vacuuming C:\xampp\htdocs\hunterdown\node_modules\canvas\node_modules\nan
203 silly gunzTarPerm modes [ '777', '666' ]
204 silly gunzTarPerm extractEntry package.json
205 silly gunzTarPerm modified mode [ 'package.json', 436, 438 ]
206 silly gunzTarPerm extractEntry README.md
207 silly gunzTarPerm modified mode [ 'README.md', 436, 438 ]
208 silly gunzTarPerm extractEntry include_dirs.js
209 silly gunzTarPerm modified mode [ 'include_dirs.js', 420, 438 ]
210 silly gunzTarPerm extractEntry LICENSE.md
211 silly gunzTarPerm modified mode [ 'LICENSE.md', 436, 438 ]
212 silly gunzTarPerm extractEntry .dntrc
213 silly gunzTarPerm modified mode [ '.dntrc', 436, 438 ]
214 silly gunzTarPerm extractEntry appveyor.yml
215 silly gunzTarPerm modified mode [ 'appveyor.yml', 436, 438 ]
216 silly gunzTarPerm extractEntry nan.h
217 silly gunzTarPerm modified mode [ 'nan.h', 436, 438 ]
218 silly gunzTarPerm extractEntry nan_implementation_12_inl.h
219 silly gunzTarPerm modified mode [ 'nan_implementation_12_inl.h', 436, 438 ]
220 silly gunzTarPerm extractEntry nan_implementation_pre_12_inl.h
221 silly gunzTarPerm modified mode [ 'nan_implementation_pre_12_inl.h', 436, 438 ]
222 silly gunzTarPerm extractEntry nan_new.h
223 silly gunzTarPerm modified mode [ 'nan_new.h', 436, 438 ]
224 silly gunzTarPerm extractEntry CHANGELOG.md
225 silly gunzTarPerm modified mode [ 'CHANGELOG.md', 436, 438 ]
226 info preinstall nan@1.5.3
227 silly install resolved []
228 verbose about to build C:\xampp\htdocs\hunterdown\node_modules\canvas\node_modules\nan
229 info build C:\xampp\htdocs\hunterdown\node_modules\canvas\node_modules\nan
230 verbose linkStuff [ false,
230 verbose linkStuff   false,
230 verbose linkStuff   false,
230 verbose linkStuff   'C:\\xampp\\htdocs\\hunterdown\\node_modules\\canvas\\node_modules' ]
231 info linkStuff nan@1.5.3
232 verbose linkBins nan@1.5.3
233 verbose linkMans nan@1.5.3
234 verbose rebuildBundles nan@1.5.3
235 info install nan@1.5.3
236 info postinstall nan@1.5.3
237 verbose unlock done using C:\Users\usrsis0127\AppData\Roaming\npm-cache\_locks\nan-51b957da604c36d1.lock for C:\xampp\htdocs\hunterdown\node_modules\canvas\node_modules\nan
238 verbose about to build C:\xampp\htdocs\hunterdown\node_modules\canvas
239 info build C:\xampp\htdocs\hunterdown\node_modules\canvas
240 verbose linkStuff [ false,
240 verbose linkStuff   false,
240 verbose linkStuff   false,
240 verbose linkStuff   'C:\\xampp\\htdocs\\hunterdown\\node_modules' ]
241 info linkStuff canvas@1.2.1
242 verbose linkBins canvas@1.2.1
243 verbose linkMans canvas@1.2.1
244 verbose rebuildBundles canvas@1.2.1
245 verbose rebuildBundles [ 'nan' ]
246 info install canvas@1.2.1
247 verbose unsafe-perm in lifecycle true
248 info canvas@1.2.1 Failed to exec install script
249 verbose unlock done using C:\Users\usrsis0127\AppData\Roaming\npm-cache\_locks\canvas-d1d25eb3369b1d71.lock for C:\xampp\htdocs\hunterdown\node_modules\canvas
250 verbose stack Error: canvas@1.2.1 install: `node-gyp rebuild`
250 verbose stack Exit status 1
250 verbose stack     at EventEmitter.<anonymous> (C:\Program Files\nodejs\node_modules\npm\lib\utils\lifecycle.js:213:16)
250 verbose stack     at EventEmitter.emit (events.js:110:17)
250 verbose stack     at ChildProcess.<anonymous> (C:\Program Files\nodejs\node_modules\npm\lib\utils\spawn.js:14:12)
250 verbose stack     at ChildProcess.emit (events.js:110:17)
250 verbose stack     at maybeClose (child_process.js:1008:16)
250 verbose stack     at Process.ChildProcess._handle.onexit (child_process.js:1080:5)
251 verbose pkgid canvas@1.2.1
252 verbose cwd C:\xampp\htdocs\hunterdown
253 error Windows_NT 6.1.7601
254 error argv "C:\\Program Files\\nodejs\\\\node.exe" "C:\\Program Files\\nodejs\\node_modules\\npm\\bin\\npm-cli.js" "install" "canvas"
255 error node v0.12.0
256 error npm  v2.5.1
257 error code ELIFECYCLE
258 error canvas@1.2.1 install: `node-gyp rebuild`
258 error Exit status 1
259 error Failed at the canvas@1.2.1 install script 'node-gyp rebuild'.
259 error This is most likely a problem with the canvas package,
259 error not with npm itself.
259 error Tell the author that this fails on your system:
259 error     node-gyp rebuild
259 error You can get their info via:
259 error     npm owner ls canvas
259 error There is likely additional logging output above.
260 verbose exit [ 1, true ]
261 verbose unbuild node_modules\canvas
262 info preuninstall canvas@1.2.1
263 info uninstall canvas@1.2.1
264 verbose unbuild rmStuff canvas@1.2.1 from C:\xampp\htdocs\hunterdown\node_modules
265 info postuninstall canvas@1.2.1
266 verbose gentlyRm vacuuming C:\xampp\htdocs\hunterdown\node_modules\canvas
267 silly gentlyRm purging C:\xampp\htdocs\hunterdown\node_modules\canvas
268 silly gentlyRm quitting because other entries in C:\xampp\htdocs\hunterdown\node_modules
